d:\dev\cpp\tools\autocollect\x64\debug\vcpkg.applocal.log
d:\dev\cpp\tools\x64\debug\xlntd.dll
d:\dev\cpp\tools\autocollect\x64\debug\vc142.pdb
d:\dev\cpp\tools\autocollect\x64\debug\vc142.idb
d:\dev\cpp\tools\autocollect\x64\debug\lib.obj
d:\dev\cpp\tools\autocollect\x64\debug\main.obj
d:\dev\cpp\tools\autocollect\x64\debug\coirelib.obj
d:\dev\cpp\tools\x64\debug\autocollect.exe
d:\dev\cpp\tools\x64\debug\autocollect.ilk
d:\dev\cpp\tools\x64\debug\autocollect.pdb
d:\dev\cpp\tools\autocollect\x64\debug\autocollect.tlog\autocollect.write.1u.tlog
d:\dev\cpp\tools\autocollect\x64\debug\autocollect.tlog\cl.command.1.tlog
d:\dev\cpp\tools\autocollect\x64\debug\autocollect.tlog\cl.read.1.tlog
d:\dev\cpp\tools\autocollect\x64\debug\autocollect.tlog\cl.write.1.tlog
d:\dev\cpp\tools\autocollect\x64\debug\autocollect.tlog\clang-cl.16156.delete.1.tlog
d:\dev\cpp\tools\autocollect\x64\debug\autocollect.tlog\clang-cl.16156.write.1.tlog
d:\dev\cpp\tools\autocollect\x64\debug\autocollect.tlog\clang-cl.command.1.tlog
d:\dev\cpp\tools\autocollect\x64\debug\autocollect.tlog\clang-cl.read.1.tlog
d:\dev\cpp\tools\autocollect\x64\debug\autocollect.tlog\link.command.1.tlog
d:\dev\cpp\tools\autocollect\x64\debug\autocollect.tlog\link.read.1.tlog
d:\dev\cpp\tools\autocollect\x64\debug\autocollect.tlog\link.write.1.tlog
